<?xml version="1.0" encoding="UTF-8"?>
<testng-results ignored="0" total="1" passed="1" failed="0" skipped="0">
  <reporter-output>
  </reporter-output>
  <suite started-at="2024-05-11T07:17:15 PDT" name="Default suite" finished-at="2024-05-11T07:17:16 PDT" duration-ms="1508">
    <groups>
    </groups>
    <test started-at="2024-05-11T07:17:15 PDT" name="Default test" finished-at="2024-05-11T07:17:16 PDT" duration-ms="1508">
      <class name="Email_verify.Emailverify">
        <test-method signature="email_verify()[pri:0, instance:Email_verify.Emailverify@3232a28a]" started-at="2024-05-11T07:17:15 PDT" name="email_verify" finished-at="2024-05-11T07:17:16 PDT" duration-ms="1461" status="PASS">
          <reporter-output>
          </reporter-output>
        </test-method> <!-- email_verify -->
      </class> <!-- Email_verify.Emailverify -->
    </test> <!-- Default test -->
  </suite> <!-- Default suite -->
</testng-results>
